<?xml version="1.0" encoding="UTF-8"?>
<testng-results ignored="0" total="1" passed="1" failed="0" skipped="0">
  <reporter-output>
  </reporter-output>
  <suite started-at="2021-07-04T07:06:27 IST" name="Suite" finished-at="2021-07-04T07:06:49 IST" duration-ms="21917">
    <groups>
      <group name="cucumber">
        <method signature="AbstractTestNGCucumberTests.runScenario(io.cucumber.testng.PickleWrapper, io.cucumber.testng.FeatureWrapper)[pri:0, instance:runner.TestRunner@68df9280]" name="runScenario" class="io.cucumber.testng.AbstractTestNGCucumberTests"/>
      </group> <!-- cucumber -->
    </groups>
    <test started-at="2021-07-04T07:06:27 IST" name="Test" finished-at="2021-07-04T07:06:49 IST" duration-ms="21917">
      <class name="runner.TestRunner">
        <test-method is-config="true" signature="setUpClass()[pri:0, instance:runner.TestRunner@68df9280]" started-at="2021-07-04T07:06:28 IST" name="setUpClass" finished-at="2021-07-04T07:06:28 IST" duration-ms="495" status="PASS">
          <reporter-output>
          </reporter-output>
        </test-method> <!-- setUpClass -->
        <test-method signature="runScenario(io.cucumber.testng.PickleWrapper, io.cucumber.testng.FeatureWrapper)[pri:0, instance:runner.TestRunner@68df9280]" started-at="2021-07-04T07:06:28 IST" name="runScenario" description="Runs Cucumber Scenarios" data-provider="scenarios" finished-at="2021-07-04T07:06:47 IST" duration-ms="19058" status="PASS">
          <params>
            <param index="0">
              <value>
                <![CDATA["Verify All Text In Dropdown"]]>
              </value>
            </param>
            <param index="1">
              <value>
                <![CDATA["Test Dropdown"]]>
              </value>
            </param>
          </params>
          <reporter-output>
          </reporter-output>
        </test-method> <!-- runScenario -->
        <test-method is-config="true" signature="tearDownClass()[pri:0, instance:runner.TestRunner@68df9280]" started-at="2021-07-04T07:06:47 IST" name="tearDownClass" finished-at="2021-07-04T07:06:49 IST" duration-ms="2326" status="PASS">
          <reporter-output>
          </reporter-output>
        </test-method> <!-- tearDownClass -->
      </class> <!-- runner.TestRunner -->
    </test> <!-- Test -->
  </suite> <!-- Suite -->
</testng-results>
